Determining if the pthread_create exist failed with the following output:
Change Dir: /mnt/home/xt19i0051/chinkara_ws/donkeycar_1906/build/CMakeFiles/CMakeTmp

Run Build Command:"/usr/bin/make" "cmTC_875ff/fast"
/usr/bin/make -f CMakeFiles/cmTC_875ff.dir/build.make CMakeFiles/cmTC_875ff.dir/build
make[1]: Entering directory '/mnt/home/xt19i0051/chinkara_ws/donkeycar_1906/build/CMakeFiles/CMakeTmp'
Building C object CMakeFiles/cmTC_875ff.dir/CheckSymbolExists.c.o
/usr/bin/cc    -o CMakeFiles/cmTC_875ff.dir/CheckSymbolExists.c.o   -c /mnt/home/xt19i0051/chinkara_ws/donkeycar_1906/build/CMakeFiles/CMakeTmp/CheckSymbolExists.c
Linking C executable cmTC_875ff
/usr/bin/cmake -E cmake_link_script CMakeFiles/cmTC_875ff.dir/link.txt --verbose=1
/usr/bin/cc      -rdynamic CMakeFiles/cmTC_875ff.dir/CheckSymbolExists.c.o  -o cmTC_875ff 
CMakeFiles/cmTC_875ff.dir/CheckSymbolExists.c.o: In function `main':
CheckSymbolExists.c:(.text+0x14): undefined reference to `pthread_create'
CheckSymbolExists.c:(.text+0x18): undefined reference to `pthread_create'
collect2: error: ld returned 1 exit status
CMakeFiles/cmTC_875ff.dir/build.make:97: recipe for target 'cmTC_875ff' failed
make[1]: *** [cmTC_875ff] Error 1
make[1]: Leaving directory '/mnt/home/xt19i0051/chinkara_ws/donkeycar_1906/build/CMakeFiles/CMakeTmp'
Makefile:126: recipe for target 'cmTC_875ff/fast' failed
make: *** [cmTC_875ff/fast] Error 2

File /mnt/home/xt19i0051/chinkara_ws/donkeycar_1906/build/CMakeFiles/CMakeTmp/CheckSymbolExists.c:
/* */
#include <pthread.h>

int main(int argc, char** argv)
{
  (void)argv;
#ifndef pthread_create
  return ((int*)(&pthread_create))[argc];
#else
  (void)argc;
  return 0;
#endif
}

Determining if the function pthread_create exists in the pthreads failed with the following output:
Change Dir: /mnt/home/xt19i0051/chinkara_ws/donkeycar_1906/build/CMakeFiles/CMakeTmp

Run Build Command:"/usr/bin/make" "cmTC_09834/fast"
/usr/bin/make -f CMakeFiles/cmTC_09834.dir/build.make CMakeFiles/cmTC_09834.dir/build
make[1]: Entering directory '/mnt/home/xt19i0051/chinkara_ws/donkeycar_1906/build/CMakeFiles/CMakeTmp'
Building C object CMakeFiles/cmTC_09834.dir/CheckFunctionExists.c.o
/usr/bin/cc   -DCHECK_FUNCTION_EXISTS=pthread_create   -o CMakeFiles/cmTC_09834.dir/CheckFunctionExists.c.o   -c /usr/share/cmake-3.10/Modules/CheckFunctionExists.c
Linking C executable cmTC_09834
/usr/bin/cmake -E cmake_link_script CMakeFiles/cmTC_09834.dir/link.txt --verbose=1
/usr/bin/cc  -DCHECK_FUNCTION_EXISTS=pthread_create    -rdynamic CMakeFiles/cmTC_09834.dir/CheckFunctionExists.c.o  -o cmTC_09834 -lpthreads 
/usr/bin/ld: cannot find -lpthreads
collect2: error: ld returned 1 exit status
CMakeFiles/cmTC_09834.dir/build.make:97: recipe for target 'cmTC_09834' failed
make[1]: *** [cmTC_09834] Error 1
make[1]: Leaving directory '/mnt/home/xt19i0051/chinkara_ws/donkeycar_1906/build/CMakeFiles/CMakeTmp'
Makefile:126: recipe for target 'cmTC_09834/fast' failed
make: *** [cmTC_09834/fast] Error 2


